[14:15:52] [main/INFO]: DevAuth disabled, not logging in!
[14:15:53] [Client thread/INFO]: Setting user: Player0
[14:16:00] [Client thread/WARN]: Skipping bad option: lastServer:
[14:16:00] [Client thread/INFO]: LWJGL Version: 3.3.3+5
[14:16:01] [Client thread/INFO]: [OptiFine] 
[14:16:01] [Client thread/INFO]: [OptiFine] OptiFine_1.12.2_HD_U_G6_pre1
[14:16:01] [Client thread/INFO]: [OptiFine] Build: null
[14:16:01] [Client thread/INFO]: [OptiFine] OS: Windows 11 (amd64) version 10.0
[14:16:01] [Client thread/INFO]: [OptiFine] Java: 17.0.7, Azul Systems, Inc.
[14:16:01] [Client thread/INFO]: [OptiFine] VM: OpenJDK 64-Bit Server VM (mixed mode, sharing), Azul Systems, Inc.
[14:16:01] [Client thread/INFO]: [OptiFine] LWJGL: 3.3.3+5
[14:16:01] [Client thread/INFO]: [OptiFine] OpenGL: NVIDIA GeForce RTX 4060/PCIe/SSE2, version 4.6.0 NVIDIA 552.22, NVIDIA Corporation
[14:16:01] [Client thread/INFO]: [OptiFine] OpenGL Version: 4.6.0
[14:16:01] [Client thread/INFO]: [OptiFine] Maximum texture size: 32768x32768
[14:16:01] [Client thread/INFO]: [Shaders] OpenGL Version: 4.6.0 NVIDIA 552.22
[14:16:01] [Client thread/INFO]: [Shaders] Vendor:  NVIDIA Corporation
[14:16:01] [Client thread/INFO]: [Shaders] Renderer: NVIDIA GeForce RTX 4060/PCIe/SSE2
[14:16:01] [Client thread/INFO]: [Shaders] Capabilities:  2.0  2.1  3.0  3.2  4.0 
[14:16:01] [Client thread/INFO]: [Shaders] GL_MAX_DRAW_BUFFERS: 8
[14:16:01] [Client thread/INFO]: [Shaders] GL_MAX_COLOR_ATTACHMENTS_EXT: 8
[14:16:01] [Client thread/INFO]: [Shaders] GL_MAX_TEXTURE_IMAGE_UNITS: 32
[14:16:01] [Client thread/INFO]: [Shaders] Load shaders configuration.
[14:16:01] [Client thread/INFO]: [Shaders] Save shaders configuration.
[14:16:01] [Client thread/INFO]: [Shaders] No shaderpack loaded.
[14:16:01] [Client thread/INFO]: [STDERR]: SLF4J: No SLF4J providers were found.
[14:16:01] [Client thread/INFO]: [STDERR]: SLF4J: Defaulting to no-operation (NOP) logger implementation
[14:16:01] [Client thread/INFO]: [STDERR]: SLF4J: See https://www.slf4j.org/codes.html#noProviders for further details.
[14:16:02] [Client thread/INFO]: Reloading ResourceManager: Default, 单行道喜欢用的特殊音效材质包.zip
[14:16:02] [Client thread/INFO]: [OptiFine] *** Reloading textures ***
[14:16:02] [Client thread/INFO]: [OptiFine] Resource packs: 单行道喜欢用的特殊音效材质包.zip
[14:16:02] [Client thread/INFO]: [OptiFine] *** Reflector Forge ***
[14:16:02] [Client thread/INFO]: [OptiFine] *** Reflector Vanilla ***
[14:16:11] [Sound Library Loader/INFO]: Starting up SoundSystem...
[14:16:11] [Client thread/INFO]: [OptiFine] Loading textures/font/ascii.properties
[14:16:11] [Client thread/INFO]: [OptiFine] Loading textures/font/ascii_sga.properties
[14:16:11] [Thread-2/INFO]: Initializing LWJGL OpenAL
[14:16:11] [Thread-2/INFO]: (The LWJGL binding of OpenAL.  For more information, see http://www.lwjgl.org)
[14:16:11] [Thread-2/INFO]: OpenAL initialized.
[14:16:11] [Sound Library Loader/INFO]: Sound engine started
[14:16:30] [Client thread/INFO]: [OptiFine] Mipmap levels: 4
[14:16:30] [Client thread/INFO]: [OptiFine] Multitexture: false
[14:16:30] [Client thread/WARN]: [OptiFine] Skipping non-lowercase path: mcpatcher/ctm/glass/Black Glass/glass_black.properties
[14:16:30] [Client thread/WARN]: [OptiFine] Skipping non-lowercase path: mcpatcher/ctm/glass/Blue Glass/glass_blue.properties
[14:16:30] [Client thread/WARN]: [OptiFine] Skipping non-lowercase path: mcpatcher/ctm/glass/Brown Glass/glass_brown.properties
[14:16:30] [Client thread/WARN]: [OptiFine] Skipping non-lowercase path: mcpatcher/ctm/glass/Cyan Glass/glass_cyan.properties
[14:16:30] [Client thread/WARN]: [OptiFine] Skipping non-lowercase path: mcpatcher/ctm/glass/Green Glass/glass_green.properties
[14:16:30] [Client thread/WARN]: [OptiFine] Skipping non-lowercase path: mcpatcher/ctm/glass/Grey Glass/glass_gray.properties
[14:16:30] [Client thread/WARN]: [OptiFine] Skipping non-lowercase path: mcpatcher/ctm/glass/Light Blue Glass/glass_light_blue.properties
[14:16:30] [Client thread/WARN]: [OptiFine] Skipping non-lowercase path: mcpatcher/ctm/glass/Light Grey Glass/glass_silver.properties
[14:16:30] [Client thread/WARN]: [OptiFine] Skipping non-lowercase path: mcpatcher/ctm/glass/Lime Glass/glass_lime.properties
[14:16:30] [Client thread/WARN]: [OptiFine] Skipping non-lowercase path: mcpatcher/ctm/glass/Magenta Glass/glass_magenta.properties
[14:16:30] [Client thread/WARN]: [OptiFine] Skipping non-lowercase path: mcpatcher/ctm/glass/Normal/glass.properties
[14:16:30] [Client thread/WARN]: [OptiFine] Skipping non-lowercase path: mcpatcher/ctm/glass/Orange Glass/glass_orange.properties
[14:16:30] [Client thread/WARN]: [OptiFine] Skipping non-lowercase path: mcpatcher/ctm/glass/Pink Glass/glass_pink.properties
[14:16:30] [Client thread/WARN]: [OptiFine] Skipping non-lowercase path: mcpatcher/ctm/glass/Purple Glass/glass_purple.properties
[14:16:30] [Client thread/WARN]: [OptiFine] Skipping non-lowercase path: mcpatcher/ctm/glass/Red Glass/glass_red.properties
[14:16:30] [Client thread/WARN]: [OptiFine] Skipping non-lowercase path: mcpatcher/ctm/glass/White Glass/glass_white.properties
[14:16:30] [Client thread/WARN]: [OptiFine] Skipping non-lowercase path: mcpatcher/ctm/glass/Yellow Glass/glass_yellow.properties
[14:16:30] [Client thread/INFO]: [OptiFine] ConnectedTextures: mcpatcher/ctm/glass black/glass_black.properties
[14:16:30] [Client thread/INFO]: [OptiFine] ConnectedTextures: mcpatcher/ctm/glass blue/glass_blue.properties
[14:16:30] [Client thread/INFO]: [OptiFine] ConnectedTextures: mcpatcher/ctm/glass brown/glass_brown.properties
[14:16:30] [Client thread/INFO]: [OptiFine] ConnectedTextures: mcpatcher/ctm/glass cyan/glass_cyan.properties
[14:16:30] [Client thread/INFO]: [OptiFine] ConnectedTextures: mcpatcher/ctm/glass gray/glass_gray.properties
[14:16:30] [Client thread/INFO]: [OptiFine] ConnectedTextures: mcpatcher/ctm/glass green/glass_green.properties
[14:16:30] [Client thread/INFO]: [OptiFine] ConnectedTextures: mcpatcher/ctm/glass light blue/glass_light_blue.properties
[14:16:30] [Client thread/INFO]: [OptiFine] ConnectedTextures: mcpatcher/ctm/glass light gray/glass_silver.properties
[14:16:30] [Client thread/INFO]: [OptiFine] ConnectedTextures: mcpatcher/ctm/glass lime/glass_lime.properties
[14:16:30] [Client thread/INFO]: [OptiFine] ConnectedTextures: mcpatcher/ctm/glass magenta/glass_magenta.properties
[14:16:30] [Client thread/INFO]: [OptiFine] ConnectedTextures: mcpatcher/ctm/glass orange/glass_orange.properties
[14:16:30] [Client thread/INFO]: [OptiFine] ConnectedTextures: mcpatcher/ctm/glass pink/glass_pink.properties
[14:16:30] [Client thread/INFO]: [OptiFine] ConnectedTextures: mcpatcher/ctm/glass purple/glass_purple.properties
[14:16:30] [Client thread/INFO]: [OptiFine] ConnectedTextures: mcpatcher/ctm/glass red/glass_red.properties
[14:16:30] [Client thread/INFO]: [OptiFine] ConnectedTextures: mcpatcher/ctm/glass white/glass_white.properties
[14:16:30] [Client thread/INFO]: [OptiFine] ConnectedTextures: mcpatcher/ctm/glass yellow/glass_yellow.properties
[14:16:30] [Client thread/INFO]: [OptiFine] ConnectedTextures: mcpatcher/ctm/glass/glass.properties
[14:16:30] [Client thread/INFO]: [OptiFine] ConnectedTextures: mcpatcher/ctm/glass_clear/glass.properties
[14:16:30] [Client thread/INFO]: [OptiFine] ConnectedTextures: mcpatcher/ctm/glass_gray/glass_gray.properties
[14:16:30] [Client thread/INFO]: [OptiFine] ConnectedTextures: mcpatcher/ctm/glass_stained/glass_black/glass_black.properties
[14:16:30] [Client thread/INFO]: [OptiFine] ConnectedTextures: mcpatcher/ctm/glass_stained/glass_blue/glass_blue.properties
[14:16:30] [Client thread/INFO]: [OptiFine] ConnectedTextures: mcpatcher/ctm/glass_stained/glass_brown/glass_brown.properties
[14:16:30] [Client thread/INFO]: [OptiFine] ConnectedTextures: mcpatcher/ctm/glass_stained/glass_cyan/glass_cyan.properties
[14:16:30] [Client thread/INFO]: [OptiFine] ConnectedTextures: mcpatcher/ctm/glass_stained/glass_gray/glass_gray.properties
[14:16:30] [Client thread/INFO]: [OptiFine] ConnectedTextures: mcpatcher/ctm/glass_stained/glass_green/glass_green.properties
[14:16:30] [Client thread/INFO]: [OptiFine] ConnectedTextures: mcpatcher/ctm/glass_stained/glass_light_blue/glass_light_blue.properties
[14:16:30] [Client thread/INFO]: [OptiFine] ConnectedTextures: mcpatcher/ctm/glass_stained/glass_lime/glass_lime.properties
[14:16:30] [Client thread/INFO]: [OptiFine] ConnectedTextures: mcpatcher/ctm/glass_stained/glass_magenta/glass_magenta.properties
[14:16:30] [Client thread/INFO]: [OptiFine] ConnectedTextures: mcpatcher/ctm/glass_stained/glass_orange/glass_orange.properties
[14:16:30] [Client thread/INFO]: [OptiFine] ConnectedTextures: mcpatcher/ctm/glass_stained/glass_pink/glass_pink.properties
[14:16:30] [Client thread/INFO]: [OptiFine] ConnectedTextures: mcpatcher/ctm/glass_stained/glass_purple/glass_purple.properties
[14:16:30] [Client thread/INFO]: [OptiFine] ConnectedTextures: mcpatcher/ctm/glass_stained/glass_red/glass_red.properties
[14:16:30] [Client thread/INFO]: [OptiFine] ConnectedTextures: mcpatcher/ctm/glass_stained/glass_silver/glass_silver.properties
[14:16:30] [Client thread/INFO]: [OptiFine] ConnectedTextures: mcpatcher/ctm/glass_stained/glass_white/glass_white.properties
[14:16:30] [Client thread/INFO]: [OptiFine] ConnectedTextures: mcpatcher/ctm/glass_stained/glass_yellow/glass_yellow.properties
[14:16:30] [Client thread/INFO]: [OptiFine] Multipass connected textures: false
[14:16:30] [Client thread/INFO]: [OptiFine] Multipass connected textures: false
[14:16:30] [Client thread/INFO]: [OptiFine] BetterGrass: Parsing default configuration optifine/bettergrass.properties
[14:16:31] [Client thread/INFO]: Created: 4096x2048 textures-atlas
[14:16:31] [Client thread/INFO]: [OptiFine] Animated sprites: 23
[14:16:33] [Via-Mappingloader-0/INFO]: Loading block connection mappings ...
[14:16:33] [Client thread/INFO]: Loaded Platform ViaVersion
[14:16:33] [Client thread/INFO]: Loading translations...
[14:16:33] [Client thread/INFO]: Registering protocols...
[14:16:33] [Via-Mappingloader-0/INFO]: Using FastUtil Long2ObjectOpenHashMap for block connections
[14:16:33] [Client thread/INFO]: Loaded Platform ViaBackwards
[14:16:33] [Client thread/INFO]: ViaVersion detected lowest supported version by the proxy: 1.4.6/7 (51)
[14:16:33] [Client thread/INFO]: Highest supported version by the proxy: 1.20.3/1.20.4 (765)
[14:16:33] [Via Async Scheduler 0/INFO]: Finished mapping loading, shutting down loader executor!
[14:16:33] [Client thread/INFO]: ViaLoadingBase has loaded 2/2 platforms
[14:16:34] [Client thread/INFO]: [OptiFine] *** Reloading custom textures ***
[14:16:34] [Client thread/INFO]: [OptiFine] CustomColors: Colormap mcpatcher/colormap/sky0.png
[14:16:34] [Client thread/INFO]: [OptiFine] CustomColors: Colormap mcpatcher/lightmap/world0.png
[14:16:34] [Client thread/INFO]: [OptiFine] CustomColors: Loading mcpatcher/color.properties
[14:16:34] [Client thread/INFO]: [OptiFine] CustomColors: lilypad = 6aef3f
[14:16:34] [Client thread/INFO]: [OptiFine] CustomColors: sky.end = FFFFFF
[14:16:34] [Client thread/INFO]: [OptiFine] CustomSky properties: mcpatcher/sky/world0/sky1.properties
[14:16:34] [Client thread/INFO]: [OptiFine] CustomSky properties: mcpatcher/sky/world0/sky2.properties
[14:16:34] [Client thread/INFO]: [OptiFine] CustomSky properties: mcpatcher/sky/world0/sky3.properties
[14:16:34] [Client thread/INFO]: [OptiFine] CustomSky properties: mcpatcher/sky/world0/sky4.properties
[14:16:34] [Client thread/INFO]: [OptiFine] CustomSky properties: mcpatcher/sky/world0/sky5.properties
[14:16:34] [Client thread/INFO]: [OptiFine] CustomSky: Texture not found: minecraft:mcpatcher/sky/world0/starfield02.png
[14:16:34] [Client thread/INFO]: [OptiFine] CustomSky properties: mcpatcher/sky/world0/sky6.properties
[14:16:35] [Client thread/INFO]: [OptiFine] CustomSky properties: mcpatcher/sky/world0/sky7.properties
[14:16:35] [Client thread/INFO]: [OptiFine] CustomSky properties: mcpatcher/sky/world0/sky8.properties
[14:16:35] [Via Async Task 1/WARN]: There is a newer plugin version available: 5.0.3, you're on: 4.9.3-SNAPSHOT
[14:16:36] [Client thread/INFO]: Starting Southside...
[14:16:37] [Client thread/INFO]: Loaded fonts in: 194ms
[14:17:15] [Server thread/INFO]: Starting integrated minecraft server version 1.12.2
[14:17:15] [Server thread/INFO]: Generating keypair
[14:17:19] [Server thread/INFO]: Loaded 488 advancements
[14:17:19] [Server thread/INFO]: Preparing start region for level 0
[14:17:20] [Server thread/INFO]: Changing view distance to 8, from 10
[14:17:20] [Server thread/INFO]: Player0[local:E:2c2ce68c] logged in with entity id 27 at (-236.6268247833446, 4.0, -364.3408384552904)
[14:17:20] [Server thread/INFO]: Player0 joined the game
[14:17:21] [Server thread/INFO]: Saving and pausing game...
[14:17:21] [Client thread/WARN]: [OptiFine] java.lang.NullPointerException Cannot invoke "net.minecraft.world.World.getLightingEngine()" because "this.world" is null
[14:17:21] [Client thread/WARN]: [OptiFine] Error finding Chunk.hasEntities
[14:17:21] [Server thread/INFO]: Saving chunks for level 'New World'/overworld
[14:17:21] [Server thread/INFO]: Saving chunks for level 'New World'/the_nether
[14:17:21] [Server thread/INFO]: Saving chunks for level 'New World'/the_end
[14:17:25] [Server thread/INFO]: Saving and pausing game...
[14:17:25] [Server thread/INFO]: Saving chunks for level 'New World'/overworld
[14:17:25] [Server thread/INFO]: Saving chunks for level 'New World'/the_nether
[14:17:25] [Server thread/INFO]: Saving chunks for level 'New World'/the_end
[14:17:26] [Server thread/INFO]: Stopping server
[14:17:26] [Server thread/INFO]: Saving players
[14:17:26] [Server thread/INFO]: Player0 lost connection: Disconnected
[14:17:26] [Server thread/INFO]: Player0 left the game
[14:17:26] [Server thread/INFO]: Stopping singleplayer server as player logged out
[14:17:26] [Server thread/INFO]: Saving worlds
[14:17:26] [Server thread/INFO]: Saving chunks for level 'New World'/overworld
[14:17:26] [Server thread/INFO]: Saving chunks for level 'New World'/the_nether
[14:17:26] [Server thread/INFO]: Saving chunks for level 'New World'/the_end
[14:17:26] [Client thread/INFO]: Stopping!
[14:17:26] [Client thread/INFO]: SoundSystem shutting down...
[14:17:26] [Client thread/WARN]: Author: Paul Lamb, www.paulscode.com
[14:17:26] [Client thread/INFO]: Stopping Southside...
